<?xml version="1.0" encoding="UTF-8"?>
<testng-results skipped="0" failed="0" total="1" passed="1">
  <reporter-output>
  </reporter-output>
  <suite name="Default suite" duration-ms="23143" started-at="2020-11-23T08:19:21Z" finished-at="2020-11-23T08:19:44Z">
    <groups>
    </groups>
    <test name="Default test" duration-ms="23143" started-at="2020-11-23T08:19:21Z" finished-at="2020-11-23T08:19:44Z">
      <class name="Package1.Class1">
        <test-method status="PASS" signature="beforeClass()[pri:0, instance:Package1.Class1@48eff760]" name="beforeClass" is-config="true" duration-ms="21626" started-at="2020-11-23T15:19:21Z" finished-at="2020-11-23T15:19:43Z">
          <reporter-output>
          </reporter-output>
        </test-method> <!-- beforeClass -->
        <test-method status="PASS" signature="f()[pri:0, instance:Package1.Class1@48eff760]" name="f" duration-ms="476" started-at="2020-11-23T15:19:43Z" finished-at="2020-11-23T15:19:43Z">
          <reporter-output>
          </reporter-output>
        </test-method> <!-- f -->
        <test-method status="PASS" signature="afterClass()[pri:0, instance:Package1.Class1@48eff760]" name="afterClass" is-config="true" duration-ms="1004" started-at="2020-11-23T15:19:43Z" finished-at="2020-11-23T15:19:44Z">
          <reporter-output>
          </reporter-output>
        </test-method> <!-- afterClass -->
      </class> <!-- Package1.Class1 -->
    </test> <!-- Default test -->
  </suite> <!-- Default suite -->
</testng-results>
